<?xml version="1.0" encoding="UTF-8"?>
<testsuite xmlns:xsi="http://www.w3.org/2001/XMLSchema-instance" xsi:noNamespaceSchemaLocation="https://maven.apache.org/surefire/maven-surefire-plugin/xsd/surefire-test-report.xsd" name="TestSuite" time="47.874" tests="4" errors="0" skipped="0" failures="0">
  <properties>
[...]
</properties>
  <testcase name="Get and Update User Details" classname="com.CucumberRunner" time="9.219"/>
  <testcase name="Create and Delete User" classname="com.CucumberRunner" time="7.036"/>
  <testcase name="User Should Not be able to login with invalid credentials" classname="com.CucumberRunner" time="12.235"/>
  <testcase name="User Should be able to login with valid credentials" classname="com.CucumberRunner" time="15.776"/>
</testsuite>