<?xml version="1.0" encoding="UTF-8"?>
<!-- Generated by org.testng.reporters.JUnitXMLReporter -->
<testsuite hostname="MDLT011" ignored="0" name="TestNG Test1" tests="4" failures="0" timestamp="2020-06-29T15:07:36 IST" time="44.794" errors="0">
  <testcase name="Get and Update User Details" time="8.353" classname="com.maveric.core.cucumber.CucumberBaseTest"/>
  <testcase name="Create and Delete User" time="6.238" classname="com.maveric.core.cucumber.CucumberBaseTest"/>
  <testcase name="User Should Not be able to login with invalid credentials" time="11.42" classname="com.maveric.core.cucumber.CucumberBaseTest"/>
  <testcase name="User Should be able to login with valid credentials" time="14.904" classname="com.maveric.core.cucumber.CucumberBaseTest"/>
</testsuite> <!-- TestNG Test1 -->
